<?xml version="1.0" encoding="utf-8"?><testsuites><testsuite errors="0" failures="0" hostname="sekineshinji-no-iMac.local" name="pytest" skipped="0" tests="9" time="0.105" timestamp="2020-08-29T22:24:40.550211"><testcase classname="tests.test_localfs" name="test_stat" time="0.001"></testcase><testcase classname="tests.test_localfs" name="test_ls" time="0.001"></testcase><testcase classname="tests.test_localfs" name="test_find" time="0.001"></testcase><testcase classname="tests.test_localfs" name="test_mkdir" time="0.001"></testcase><testcase classname="tests.test_localfs" name="test_touch" time="0.001"></testcase><testcase classname="tests.test_localfs" name="test_rm" time="0.001"></testcase><testcase classname="tests.test_localfs" name="test_rmdir" time="0.001"></testcase><testcase classname="tests.test_localfs" name="test_chmod" time="0.001"></testcase><testcase classname="tests.test_localfs" name="test_chown" time="0.001"></testcase></testsuite></testsuites>